Determining if the pthread_create exist failed with the following output:
Change Dir: /home/lsf/LSF/cruiserobot_ws/build/CMakeFiles/CMakeTmp

Run Build Command:"/usr/bin/make" "cmTC_dc1e0/fast"
/usr/bin/make -f CMakeFiles/cmTC_dc1e0.dir/build.make CMakeFiles/cmTC_dc1e0.dir/build
make[1]: Entering directory '/home/lsf/LSF/cruiserobot_ws/build/CMakeFiles/CMakeTmp'
Building C object CMakeFiles/cmTC_dc1e0.dir/CheckSymbolExists.c.o
/usr/bin/cc     -o CMakeFiles/cmTC_dc1e0.dir/CheckSymbolExists.c.o   -c /home/lsf/LSF/cruiserobot_ws/build/CMakeFiles/CMakeTmp/CheckSymbolExists.c
Linking C executable cmTC_dc1e0
/usr/bin/cmake -E cmake_link_script CMakeFiles/cmTC_dc1e0.dir/link.txt --verbose=1
/usr/bin/cc       CMakeFiles/cmTC_dc1e0.dir/CheckSymbolExists.c.o  -o cmTC_dc1e0 -rdynamic 
CMakeFiles/cmTC_dc1e0.dir/CheckSymbolExists.c.o：在函数‘main’中：
CheckSymbolExists.c:(.text+0x16)：对‘pthread_create’未定义的引用
collect2: error: ld returned 1 exit status
CMakeFiles/cmTC_dc1e0.dir/build.make:97: recipe for target 'cmTC_dc1e0' failed
make[1]: *** [cmTC_dc1e0] Error 1
make[1]: Leaving directory '/home/lsf/LSF/cruiserobot_ws/build/CMakeFiles/CMakeTmp'
Makefile:126: recipe for target 'cmTC_dc1e0/fast' failed
make: *** [cmTC_dc1e0/fast] Error 2

File /home/lsf/LSF/cruiserobot_ws/build/CMakeFiles/CMakeTmp/CheckSymbolExists.c:
/* */
#include <pthread.h>

int main(int argc, char** argv)
{
  (void)argv;
#ifndef pthread_create
  return ((int*)(&pthread_create))[argc];
#else
  (void)argc;
  return 0;
#endif
}

Determining if the function pthread_create exists in the pthreads failed with the following output:
Change Dir: /home/lsf/LSF/cruiserobot_ws/build/CMakeFiles/CMakeTmp

Run Build Command:"/usr/bin/make" "cmTC_59375/fast"
/usr/bin/make -f CMakeFiles/cmTC_59375.dir/build.make CMakeFiles/cmTC_59375.dir/build
make[1]: Entering directory '/home/lsf/LSF/cruiserobot_ws/build/CMakeFiles/CMakeTmp'
Building C object CMakeFiles/cmTC_59375.dir/CheckFunctionExists.c.o
/usr/bin/cc    -DCHECK_FUNCTION_EXISTS=pthread_create   -o CMakeFiles/cmTC_59375.dir/CheckFunctionExists.c.o   -c /usr/share/cmake-3.5/Modules/CheckFunctionExists.c
Linking C executable cmTC_59375
/usr/bin/cmake -E cmake_link_script CMakeFiles/cmTC_59375.dir/link.txt --verbose=1
/usr/bin/cc   -DCHECK_FUNCTION_EXISTS=pthread_create    CMakeFiles/cmTC_59375.dir/CheckFunctionExists.c.o  -o cmTC_59375 -rdynamic -lpthreads 
/usr/bin/ld: 找不到 -lpthreads
collect2: error: ld returned 1 exit status
CMakeFiles/cmTC_59375.dir/build.make:97: recipe for target 'cmTC_59375' failed
make[1]: *** [cmTC_59375] Error 1
make[1]: Leaving directory '/home/lsf/LSF/cruiserobot_ws/build/CMakeFiles/CMakeTmp'
Makefile:126: recipe for target 'cmTC_59375/fast' failed
make: *** [cmTC_59375/fast] Error 2


